Using pre-set license
Built from '2021.1/staging' branch; Version is '2021.1.19f1 (5f5eb8bbdc25) revision 6250168'; Using compiler version '192528614'; Build Type 'Release'
OS: 'Windows 10 Home Single Language; OS build 19042.1237; Version 2009; 64bit' Language: 'es' Physical Memory: 16244 MB
BatchMode: 1, IsHumanControllingUs: 0, StartBugReporterOnCrash: 0, Is64bit: 1, IsPro: 0

COMMAND LINE ARGUMENTS:
D:\Program Files\Unity\Editor\2021.1.19f1\Editor\Unity.exe
-adb2
-batchMode
-noUpm
-name
AssetImportWorker0
-projectPath
D:/Documentos/Borrar/Github/Viejo/videogame-master/videogame-master/Juego
-logFile
Logs/AssetImportWorker0.log
-srvPort
60991
Successfully changed project path to: D:/Documentos/Borrar/Github/Viejo/videogame-master/videogame-master/Juego
D:/Documentos/Borrar/Github/Viejo/videogame-master/videogame-master/Juego
Using Asset Import Pipeline V2.
Refreshing native plugins compatible for Editor in 97.76 ms, found 3 plugins.
Preloading 0 native plugins for Editor in 0.00 ms.
Initialize engine version: 2021.1.19f1 (5f5eb8bbdc25)
[Subsystems] Discovering subsystems at path D:/Program Files/Unity/Editor/2021.1.19f1/Editor/Data/Resources/UnitySubsystems
[Subsystems] Discovering subsystems at path D:/Documentos/Borrar/Github/Viejo/videogame-master/videogame-master/Juego/Assets
GfxDevice: creating device client; threaded=0; jobified=0
Direct3D:
    Version:  Direct3D 11.0 [level 11.1]
    Renderer: NVIDIA GeForce GTX 1060 (ID=0x1c20)
    Vendor:   NVIDIA
    VRAM:     6052 MB
    Driver:   30.0.14.7111
Initialize mono
Mono path[0] = 'D:/Program Files/Unity/Editor/2021.1.19f1/Editor/Data/Managed'
Mono path[1] = 'D:/Program Files/Unity/Editor/2021.1.19f1/Editor/Data/MonoBleedingEdge/lib/mono/unityjit'
Mono config path = 'D:/Program Files/Unity/Editor/2021.1.19f1/Editor/Data/MonoBleedingEdge/etc'
Using monoOptions --debugger-agent=transport=dt_socket,embedding=1,server=y,suspend=n,address=127.0.0.1:56956
Begin MonoManager ReloadAssembly
Registering precompiled unity dll's ...
Register platform support module: D:/Program Files/Unity/Editor/2021.1.19f1/Editor/Data/PlaybackEngines/WebGLSupport/UnityEditor.WebGL.Extensions.dll
Register platform support module: D:/Program Files/Unity/Editor/2021.1.19f1/Editor/Data/PlaybackEngines/WindowsStandaloneSupport/UnityEditor.WindowsStandalone.Extensions.dll
Registered in 0.011207 seconds.
Native extension for WindowsStandalone target not found
Native extension for WebGL target not found
Refreshing native plugins compatible for Editor in 89.66 ms, found 3 plugins.
Preloading 0 native plugins for Editor in 0.00 ms.
Mono: successfully reloaded assembly
- Completed reload, in  3.509 seconds
Domain Reload Profiling:
	ReloadAssembly (3509ms)
		BeginReloadAssembly (210ms)
			ExecutionOrderSort (0ms)
			DisableScriptedObjects (0ms)
			BackupInstance (0ms)
			ReleaseScriptingObjects (0ms)
			CreateAndSetChildDomain (2ms)
		EndReloadAssembly (863ms)
			LoadAssemblies (200ms)
			RebuildTransferFunctionScriptingTraits (0ms)
			SetupTypeCache (338ms)
			ReleaseScriptCaches (0ms)
			RebuildScriptCaches (59ms)
			SetupLoadedEditorAssemblies (362ms)
				LogAssemblyErrors (0ms)
				InitializePlatformSupportModulesInManaged (13ms)
				SetLoadedEditorAssemblies (1ms)
				RefreshPlugins (90ms)
				BeforeProcessingInitializeOnLoad (3ms)
				ProcessInitializeOnLoadAttributes (199ms)
				ProcessInitializeOnLoadMethodAttributes (57ms)
				AfterProcessingInitializeOnLoad (0ms)
				EditorAssembliesLoaded (0ms)
			ExecutionOrderSort2 (0ms)
			AwakeInstancesAfterBackupRestoration (0ms)
Platform modules already initialized, skipping
Registering precompiled user dll's ...
Registered in 0.012496 seconds.
Begin MonoManager ReloadAssembly
Native extension for WindowsStandalone target not found
Native extension for WebGL target not found
Refreshing native plugins compatible for Editor in 86.02 ms, found 3 plugins.
Preloading 0 native plugins for Editor in 0.00 ms.
Mono: successfully reloaded assembly
- Completed reload, in  2.343 seconds
Domain Reload Profiling:
	ReloadAssembly (2344ms)
		BeginReloadAssembly (374ms)
			ExecutionOrderSort (0ms)
			DisableScriptedObjects (8ms)
			BackupInstance (0ms)
			ReleaseScriptingObjects (0ms)
			CreateAndSetChildDomain (38ms)
		EndReloadAssembly (1823ms)
			LoadAssemblies (279ms)
			RebuildTransferFunctionScriptingTraits (0ms)
			SetupTypeCache (598ms)
			ReleaseScriptCaches (1ms)
			RebuildScriptCaches (91ms)
			SetupLoadedEditorAssemblies (729ms)
				LogAssemblyErrors (0ms)
				InitializePlatformSupportModulesInManaged (13ms)
				SetLoadedEditorAssemblies (0ms)
				RefreshPlugins (86ms)
				BeforeProcessingInitializeOnLoad (153ms)
				ProcessInitializeOnLoadAttributes (416ms)
				ProcessInitializeOnLoadMethodAttributes (30ms)
				AfterProcessingInitializeOnLoad (31ms)
				EditorAssembliesLoaded (0ms)
			ExecutionOrderSort2 (0ms)
			AwakeInstancesAfterBackupRestoration (12ms)
Platform modules already initialized, skipping
========================================================================
Worker process is ready to serve import requests
Launched and connected shader compiler UnityShaderCompiler.exe after 0.13 seconds
Refreshing native plugins compatible for Editor in 1.15 ms, found 3 plugins.
Preloading 0 native plugins for Editor in 0.00 ms.
Unloading 2151 Unused Serialized files (Serialized files now loaded: 0)
System memory in use before: 98.1 MB.
System memory in use after: 98.2 MB.

Unloading 25 unused Assets to reduce memory usage. Loaded Objects now: 2611.
Total: 6.035600 ms (FindLiveObjects: 0.348900 ms CreateObjectMapping: 0.213000 ms MarkObjects: 5.373600 ms  DeleteObjects: 0.098400 ms)

AssetImportParameters requested are different than current active one (requested -> active):
  custom:framework-win-MediaFoundation: 216162199b28c13a410421893ffa2e32 -> 
  custom:video-decoder-ogg-theora: a1e56fd34408186e4bbccfd4996cb3dc -> 
  custom:container-muxer-webm: aa71ff27fc2769a1b78a27578f13a17b -> 
  custom:container-demuxer-webm: 4f35f7cbe854078d1ac9338744f61a02 -> 
  custom:container-demuxer-ogg: 62fdf1f143b41e24485cea50d1cbac27 -> 
  custom:video-encoder-webm-vp8: eb34c28f22e8b96e1ab97ce403110664 -> 
  custom:video-codec-MediaFoundation-h265: 746d11721c4dcdbdad8f713fa42b33f4 -> 
  custom:video-decoder-webm-vp8: 9c59270c3fd7afecdb556c50c9e8de78 -> 
  custom:audio-decoder-ogg-vorbis: bf7c407c2cedff20999df2af8eb42d56 -> 
  custom:audio-encoder-webm-vorbis: bf7c407c2cedff20999df2af8eb42d56 -> 
========================================================================
Received Import Request.
  path: Assets/Audio
  artifactKey: Guid(e1aae3f37a675f94cb4dc4252b5c1b88) Importer(815301076,1909f56bfc062723c751e8b465ee728b)
Start importing Assets/Audio using Guid(e1aae3f37a675f94cb4dc4252b5c1b88) Importer(815301076,1909f56bfc062723c751e8b465ee728b)  -> (artifact id: '758e7c202cc3a533d7cc92a34b01d40a') in 0.016089 seconds 
========================================================================
Received Import Request.
  Time since last request: 0.000487 seconds.
  path: Assets/Audio/Menu/track_million_ages_galaxy.wav
  artifactKey: Guid(d815283de31f68640accfebac0054ad4) Importer(815301076,1909f56bfc062723c751e8b465ee728b)
Start importing Assets/Audio/Menu/track_million_ages_galaxy.wav using Guid(d815283de31f68640accfebac0054ad4) Importer(815301076,1909f56bfc062723c751e8b465ee728b)  -> (artifact id: '3bd8bed43d414322b5d7db6b22cdde42') in 0.340562 seconds 
========================================================================
Received Import Request.
  Time since last request: 0.000477 seconds.
  path: Assets/Audio/Menu
  artifactKey: Guid(f5a847f226ae16b42b4bcd9226347f17) Importer(815301076,1909f56bfc062723c751e8b465ee728b)
Start importing Assets/Audio/Menu using Guid(f5a847f226ae16b42b4bcd9226347f17) Importer(815301076,1909f56bfc062723c751e8b465ee728b)  -> (artifact id: '7b48b6214e8a881bd22bed0ee3ff387a') in 0.009555 seconds 
========================================================================
Received Prepare
Registering precompiled user dll's ...
Registered in 0.007761 seconds.
Begin MonoManager ReloadAssembly
Native extension for WindowsStandalone target not found
Native extension for WebGL target not found
Refreshing native plugins compatible for Editor in 0.49 ms, found 3 plugins.
Preloading 0 native plugins for Editor in 0.00 ms.
Mono: successfully reloaded assembly
- Completed reload, in  1.355 seconds
Domain Reload Profiling:
	ReloadAssembly (1355ms)
		BeginReloadAssembly (190ms)
			ExecutionOrderSort (0ms)
			DisableScriptedObjects (6ms)
			BackupInstance (0ms)
			ReleaseScriptingObjects (0ms)
			CreateAndSetChildDomain (43ms)
		EndReloadAssembly (1080ms)
			LoadAssemblies (171ms)
			RebuildTransferFunctionScriptingTraits (0ms)
			SetupTypeCache (348ms)
			ReleaseScriptCaches (2ms)
			RebuildScriptCaches (61ms)
			SetupLoadedEditorAssemblies (393ms)
				LogAssemblyErrors (0ms)
				InitializePlatformSupportModulesInManaged (7ms)
				SetLoadedEditorAssemblies (0ms)
				RefreshPlugins (1ms)
				BeforeProcessingInitializeOnLoad (115ms)
				ProcessInitializeOnLoadAttributes (239ms)
				ProcessInitializeOnLoadMethodAttributes (10ms)
				AfterProcessingInitializeOnLoad (20ms)
				EditorAssembliesLoaded (0ms)
			ExecutionOrderSort2 (0ms)
			AwakeInstancesAfterBackupRestoration (12ms)
Platform modules already initialized, skipping
Refreshing native plugins compatible for Editor in 0.51 ms, found 3 plugins.
Preloading 0 native plugins for Editor in 0.00 ms.
Unloading 2128 Unused Serialized files (Serialized files now loaded: 0)
System memory in use before: 99.9 MB.
System memory in use after: 100.0 MB.

Unloading 15 unused Assets to reduce memory usage. Loaded Objects now: 2622.
Total: 4.569300 ms (FindLiveObjects: 0.253100 ms CreateObjectMapping: 0.118800 ms MarkObjects: 4.133400 ms  DeleteObjects: 0.062900 ms)

AssetImportParameters requested are different than current active one (requested -> active):
  custom:framework-win-MediaFoundation: 216162199b28c13a410421893ffa2e32 -> 
  custom:video-decoder-ogg-theora: a1e56fd34408186e4bbccfd4996cb3dc -> 
  custom:container-muxer-webm: aa71ff27fc2769a1b78a27578f13a17b -> 
  custom:container-demuxer-webm: 4f35f7cbe854078d1ac9338744f61a02 -> 
  custom:container-demuxer-ogg: 62fdf1f143b41e24485cea50d1cbac27 -> 
  custom:video-encoder-webm-vp8: eb34c28f22e8b96e1ab97ce403110664 -> 
  custom:video-codec-MediaFoundation-h265: 746d11721c4dcdbdad8f713fa42b33f4 -> 
  custom:video-decoder-webm-vp8: 9c59270c3fd7afecdb556c50c9e8de78 -> 
  custom:audio-decoder-ogg-vorbis: bf7c407c2cedff20999df2af8eb42d56 -> 
  custom:audio-encoder-webm-vorbis: bf7c407c2cedff20999df2af8eb42d56 -> 
========================================================================
Received Prepare
Registering precompiled user dll's ...
Registered in 0.007486 seconds.
Begin MonoManager ReloadAssembly
Native extension for WindowsStandalone target not found
Native extension for WebGL target not found
Refreshing native plugins compatible for Editor in 0.45 ms, found 3 plugins.
Preloading 0 native plugins for Editor in 0.00 ms.
Mono: successfully reloaded assembly
- Completed reload, in  1.311 seconds
Domain Reload Profiling:
	ReloadAssembly (1311ms)
		BeginReloadAssembly (191ms)
			ExecutionOrderSort (0ms)
			DisableScriptedObjects (7ms)
			BackupInstance (0ms)
			ReleaseScriptingObjects (0ms)
			CreateAndSetChildDomain (40ms)
		EndReloadAssembly (1029ms)
			LoadAssemblies (159ms)
			RebuildTransferFunctionScriptingTraits (0ms)
			SetupTypeCache (346ms)
			ReleaseScriptCaches (1ms)
			RebuildScriptCaches (55ms)
			SetupLoadedEditorAssemblies (375ms)
				LogAssemblyErrors (0ms)
				InitializePlatformSupportModulesInManaged (8ms)
				SetLoadedEditorAssemblies (1ms)
				RefreshPlugins (1ms)
				BeforeProcessingInitializeOnLoad (99ms)
				ProcessInitializeOnLoadAttributes (233ms)
				ProcessInitializeOnLoadMethodAttributes (13ms)
				AfterProcessingInitializeOnLoad (20ms)
				EditorAssembliesLoaded (0ms)
			ExecutionOrderSort2 (0ms)
			AwakeInstancesAfterBackupRestoration (12ms)
Platform modules already initialized, skipping
Refreshing native plugins compatible for Editor in 0.69 ms, found 3 plugins.
Preloading 0 native plugins for Editor in 0.00 ms.
Unloading 2128 Unused Serialized files (Serialized files now loaded: 0)
System memory in use before: 100.0 MB.
System memory in use after: 100.1 MB.

Unloading 15 unused Assets to reduce memory usage. Loaded Objects now: 2624.
Total: 3.867700 ms (FindLiveObjects: 0.171900 ms CreateObjectMapping: 0.083400 ms MarkObjects: 3.576500 ms  DeleteObjects: 0.035000 ms)

AssetImportParameters requested are different than current active one (requested -> active):
  custom:framework-win-MediaFoundation: 216162199b28c13a410421893ffa2e32 -> 
  custom:video-decoder-ogg-theora: a1e56fd34408186e4bbccfd4996cb3dc -> 
  custom:container-muxer-webm: aa71ff27fc2769a1b78a27578f13a17b -> 
  custom:container-demuxer-webm: 4f35f7cbe854078d1ac9338744f61a02 -> 
  custom:container-demuxer-ogg: 62fdf1f143b41e24485cea50d1cbac27 -> 
  custom:video-encoder-webm-vp8: eb34c28f22e8b96e1ab97ce403110664 -> 
  custom:video-codec-MediaFoundation-h265: 746d11721c4dcdbdad8f713fa42b33f4 -> 
  custom:video-decoder-webm-vp8: 9c59270c3fd7afecdb556c50c9e8de78 -> 
  custom:audio-decoder-ogg-vorbis: bf7c407c2cedff20999df2af8eb42d56 -> 
  custom:audio-encoder-webm-vorbis: bf7c407c2cedff20999df2af8eb42d56 -> 
========================================================================
Received Import Request.
  Time since last request: 345.900749 seconds.
  path: Assets/Sprites/Dust_50x50.png
  artifactKey: Guid(8cd3271edd9007f449f69415fa0de2e5) Importer(815301076,1909f56bfc062723c751e8b465ee728b)
Start importing Assets/Sprites/Dust_50x50.png using Guid(8cd3271edd9007f449f69415fa0de2e5) Importer(815301076,1909f56bfc062723c751e8b465ee728b)  -> (artifact id: '094f80319aaf03ad33fecb8ab907f718') in 0.137674 seconds 
========================================================================
Received Import Request.
  Time since last request: 0.000374 seconds.
  path: Assets/Sprites/Enemy_Walk_&_Shoot_64x64_MuchoPixels.png
  artifactKey: Guid(8ba66ab7b7287044bad45f55227a8dab) Importer(815301076,1909f56bfc062723c751e8b465ee728b)
Start importing Assets/Sprites/Enemy_Walk_&_Shoot_64x64_MuchoPixels.png using Guid(8ba66ab7b7287044bad45f55227a8dab) Importer(815301076,1909f56bfc062723c751e8b465ee728b)  -> (artifact id: '26354de6aa9cbca9e03628559cbcd073') in 0.048426 seconds 
========================================================================
Received Import Request.
  Time since last request: 0.000390 seconds.
  path: Assets/Sprites/Weapon_&_Bullet_MuchoPixels.png
  artifactKey: Guid(3c7a163f437c0ed448db26f9516d15d9) Importer(815301076,1909f56bfc062723c751e8b465ee728b)
Start importing Assets/Sprites/Weapon_&_Bullet_MuchoPixels.png using Guid(3c7a163f437c0ed448db26f9516d15d9) Importer(815301076,1909f56bfc062723c751e8b465ee728b)  -> (artifact id: '3356b922b6f9098efd069004d04fdc70') in 0.041460 seconds 
========================================================================
Received Import Request.
  Time since last request: 0.000329 seconds.
  path: Assets/Sprites/MuchoPixels_Sprite_Sheet_64x64.png
  artifactKey: Guid(d7aff918d27bd5843b978e9ab84cc1a8) Importer(815301076,1909f56bfc062723c751e8b465ee728b)
Start importing Assets/Sprites/MuchoPixels_Sprite_Sheet_64x64.png using Guid(d7aff918d27bd5843b978e9ab84cc1a8) Importer(815301076,1909f56bfc062723c751e8b465ee728b)  -> (artifact id: '7a7d3022127b7d7f056822761aaae31b') in 0.039873 seconds 
========================================================================
Received Import Request.
  Time since last request: 0.000377 seconds.
  path: Assets/Sprites/Player_FINAL_64x64px_MuchoPixels.png
  artifactKey: Guid(f84e5c6a937e04341a5bbd9867efc5f6) Importer(815301076,1909f56bfc062723c751e8b465ee728b)
Start importing Assets/Sprites/Player_FINAL_64x64px_MuchoPixels.png using Guid(f84e5c6a937e04341a5bbd9867efc5f6) Importer(815301076,1909f56bfc062723c751e8b465ee728b)  -> (artifact id: 'c4041b5cf00512de60e5352698229370') in 0.161284 seconds 
========================================================================
Received Import Request.
  Time since last request: 0.000833 seconds.
  path: Assets/Sprites/Triangle.png
  artifactKey: Guid(b13bb0f6a5c9f674881a9569af9530b0) Importer(815301076,1909f56bfc062723c751e8b465ee728b)
Start importing Assets/Sprites/Triangle.png using Guid(b13bb0f6a5c9f674881a9569af9530b0) Importer(815301076,1909f56bfc062723c751e8b465ee728b)  -> (artifact id: 'c2085084ddfa1ee0c36e979a1c09fd5c') in 0.075479 seconds 
========================================================================
Received Import Request.
  Time since last request: 0.000935 seconds.
  path: Assets/Sprites/prueba 2.png
  artifactKey: Guid(f597f1721297a2d4395a7e75790a1257) Importer(815301076,1909f56bfc062723c751e8b465ee728b)
Start importing Assets/Sprites/prueba 2.png using Guid(f597f1721297a2d4395a7e75790a1257) Importer(815301076,1909f56bfc062723c751e8b465ee728b)  -> (artifact id: '16daf581253ec9c2c8d6f2d3d910fc52') in 0.069467 seconds 
========================================================================
Received Import Request.
  Time since last request: 0.000912 seconds.
  path: Assets/Sprites/MuchoPixels_Atlas.png
  artifactKey: Guid(09ecd3352af2c4449bbc9e9eb158c3fb) Importer(815301076,1909f56bfc062723c751e8b465ee728b)
Start importing Assets/Sprites/MuchoPixels_Atlas.png using Guid(09ecd3352af2c4449bbc9e9eb158c3fb) Importer(815301076,1909f56bfc062723c751e8b465ee728b)  -> (artifact id: 'a3bea9d3ba6c25938aef49eaf4fd2e01') in 0.114805 seconds 
========================================================================
Received Import Request.
  Time since last request: 0.000773 seconds.
  path: Assets/Sprites/plataforma2.png
  artifactKey: Guid(8f91483d8b703ec4f9ebce22347970c0) Importer(815301076,1909f56bfc062723c751e8b465ee728b)
Start importing Assets/Sprites/plataforma2.png using Guid(8f91483d8b703ec4f9ebce22347970c0) Importer(815301076,1909f56bfc062723c751e8b465ee728b)  -> (artifact id: '6e69f19ad2c6f151a16311ca8f39bf6b') in 0.047107 seconds 
========================================================================
Received Import Request.
  Time since last request: 10.307358 seconds.
  path: Assets/Menu/22-10-03-67873953_505888736874218_4687273155697477305_n.jpg
  artifactKey: Guid(66c5959d8ebe3c040804e2a7dd1df85d) Importer(815301076,1909f56bfc062723c751e8b465ee728b)
Start importing Assets/Menu/22-10-03-67873953_505888736874218_4687273155697477305_n.jpg using Guid(66c5959d8ebe3c040804e2a7dd1df85d) Importer(815301076,1909f56bfc062723c751e8b465ee728b)  -> (artifact id: '258d3804d26a879395ba7d39ebfdd509') in 0.031201 seconds 
========================================================================
Received Import Request.
  Time since last request: 0.000363 seconds.
  path: Assets/Menu/Color 1.asset
  artifactKey: Guid(0229863ef53867240ba71a4d1b35388b) Importer(815301076,1909f56bfc062723c751e8b465ee728b)
Start importing Assets/Menu/Color 1.asset using Guid(0229863ef53867240ba71a4d1b35388b) Importer(815301076,1909f56bfc062723c751e8b465ee728b)  -> (artifact id: '8ecc1ebc7e620208c194ae35f3b1872e') in 0.013867 seconds 
========================================================================
Received Import Request.
  Time since last request: 0.000384 seconds.
  path: Assets/Menu/bronze_golem_by_gaidenlight_de3gnma-pre.png
  artifactKey: Guid(8fc6cdbbe4209db4ba84781deda098ca) Importer(815301076,1909f56bfc062723c751e8b465ee728b)
Start importing Assets/Menu/bronze_golem_by_gaidenlight_de3gnma-pre.png using Guid(8fc6cdbbe4209db4ba84781deda098ca) Importer(815301076,1909f56bfc062723c751e8b465ee728b)  -> (artifact id: 'cee4e84e2e06a27f541714838549ceee') in 0.044727 seconds 
========================================================================
Received Import Request.
  Time since last request: 10.792091 seconds.
  path: Assets/Menu/MX13229838191450.jpg
  artifactKey: Guid(c15bc8aa613ef6b4a98c0b9443040f67) Importer(815301076,1909f56bfc062723c751e8b465ee728b)
Start importing Assets/Menu/MX13229838191450.jpg using Guid(c15bc8aa613ef6b4a98c0b9443040f67) Importer(815301076,1909f56bfc062723c751e8b465ee728b)  -> (artifact id: '1aaaf5cce0b4e95ef2e389970af0cb56') in 0.034303 seconds 
========================================================================
Received Import Request.
  Time since last request: 6.724113 seconds.
  path: Assets/Menu/catedral.jpg
  artifactKey: Guid(c15bc8aa613ef6b4a98c0b9443040f67) Importer(815301076,1909f56bfc062723c751e8b465ee728b)
Start importing Assets/Menu/catedral.jpg using Guid(c15bc8aa613ef6b4a98c0b9443040f67) Importer(815301076,1909f56bfc062723c751e8b465ee728b)  -> (artifact id: '70b372850d78a0f484dbf9d1ec817f0d') in 0.026782 seconds 
========================================================================
Received Import Request.
  Time since last request: 127.134330 seconds.
  path: Assets/Menu/img
  artifactKey: Guid(6c9e57ac881f4f94b81112a990c9736e) Importer(815301076,1909f56bfc062723c751e8b465ee728b)
Start importing Assets/Menu/img using Guid(6c9e57ac881f4f94b81112a990c9736e) Importer(815301076,1909f56bfc062723c751e8b465ee728b)  -> (artifact id: '342954afe4cf4e9f8412e2938d67bd9b') in 0.008729 seconds 
========================================================================
Received Import Request.
  Time since last request: 0.060734 seconds.
  path: Assets/Menu/img/1.jpg
  artifactKey: Guid(5c394bae177e9bb4fa81a9cf5f192ec2) Importer(815301076,1909f56bfc062723c751e8b465ee728b)
Start importing Assets/Menu/img/1.jpg using Guid(5c394bae177e9bb4fa81a9cf5f192ec2) Importer(815301076,1909f56bfc062723c751e8b465ee728b)  -> (artifact id: 'f20b1e87406efc81e4680f2b7c45f7f5') in 1.572924 seconds 
========================================================================
Received Import Request.
  Time since last request: 0.000301 seconds.
  path: Assets/Menu/img/3.png
  artifactKey: Guid(3adc9fa105bffbd4dbd21fb915edf005) Importer(815301076,1909f56bfc062723c751e8b465ee728b)
Start importing Assets/Menu/img/3.png using Guid(3adc9fa105bffbd4dbd21fb915edf005) Importer(815301076,1909f56bfc062723c751e8b465ee728b)  -> (artifact id: '8dbcc5e65629f6bcb8a25c12c9a518d2') in 0.024143 seconds 
========================================================================
Received Import Request.
  Time since last request: 0.000366 seconds.
  path: Assets/Menu/img/volumeMedd.png
  artifactKey: Guid(350112090f5dfbf4485211c22cc6ab74) Importer(815301076,1909f56bfc062723c751e8b465ee728b)
Start importing Assets/Menu/img/volumeMedd.png using Guid(350112090f5dfbf4485211c22cc6ab74) Importer(815301076,1909f56bfc062723c751e8b465ee728b)  -> (artifact id: '48913f95c62fafad471413f48dbf5f80') in 0.058153 seconds 
========================================================================
Received Import Request.
  Time since last request: 0.000368 seconds.
  path: Assets/Menu/img/7.png
  artifactKey: Guid(3f4162c2c1848854fb166977b3e9dbf3) Importer(815301076,1909f56bfc062723c751e8b465ee728b)
Start importing Assets/Menu/img/7.png using Guid(3f4162c2c1848854fb166977b3e9dbf3) Importer(815301076,1909f56bfc062723c751e8b465ee728b)  -> (artifact id: 'ef1ac8a9483c04cebd371e9d8fb2f025') in 0.029882 seconds 
========================================================================
Received Import Request.
  Time since last request: 0.000373 seconds.
  path: Assets/Menu/img/5.png
  artifactKey: Guid(9d8991d37577fe740af4eec464cfc022) Importer(815301076,1909f56bfc062723c751e8b465ee728b)
Start importing Assets/Menu/img/5.png using Guid(9d8991d37577fe740af4eec464cfc022) Importer(815301076,1909f56bfc062723c751e8b465ee728b)  -> (artifact id: 'de8cd2d4025156a8f78c580289c84037') in 0.027017 seconds 
========================================================================
Received Import Request.
  Time since last request: 0.000381 seconds.
  path: Assets/Menu/img/volumeUp.png
  artifactKey: Guid(8f1950e8cc976684da93c1caaa435460) Importer(815301076,1909f56bfc062723c751e8b465ee728b)
Start importing Assets/Menu/img/volumeUp.png using Guid(8f1950e8cc976684da93c1caaa435460) Importer(815301076,1909f56bfc062723c751e8b465ee728b)  -> (artifact id: 'c96c35f819666f3a2eb6d8e6fe0728e8') in 0.018937 seconds 
========================================================================
Received Import Request.
  Time since last request: 0.000427 seconds.
  path: Assets/Menu/img/8.png
  artifactKey: Guid(463ae023429202d4fa738584520939ce) Importer(815301076,1909f56bfc062723c751e8b465ee728b)
Start importing Assets/Menu/img/8.png using Guid(463ae023429202d4fa738584520939ce) Importer(815301076,1909f56bfc062723c751e8b465ee728b)  -> (artifact id: 'b281b1cf7252fbfc7cc7b9402b484701') in 0.031034 seconds 
========================================================================
Received Import Request.
  Time since last request: 0.000437 seconds.
  path: Assets/Menu/img/9.png
  artifactKey: Guid(0986e13f74993bd44afc35ca5134c8b9) Importer(815301076,1909f56bfc062723c751e8b465ee728b)
Start importing Assets/Menu/img/9.png using Guid(0986e13f74993bd44afc35ca5134c8b9) Importer(815301076,1909f56bfc062723c751e8b465ee728b)  -> (artifact id: 'f3b27771d480ffed47d9e72a33baacae') in 0.027152 seconds 
========================================================================
Received Import Request.
  Time since last request: 0.000373 seconds.
  path: Assets/Menu/img/left.png
  artifactKey: Guid(5bc6c04668170dd47a8762398b6c42f2) Importer(815301076,1909f56bfc062723c751e8b465ee728b)
Start importing Assets/Menu/img/left.png using Guid(5bc6c04668170dd47a8762398b6c42f2) Importer(815301076,1909f56bfc062723c751e8b465ee728b)  -> (artifact id: 'a22752d16b50400bd0c7a05721408c57') in 0.022097 seconds 
========================================================================
Received Import Request.
  Time since last request: 0.000348 seconds.
  path: Assets/Menu/img/Icon ionic-md-alert.png
  artifactKey: Guid(cd41b753327a19744a919dde2c517506) Importer(815301076,1909f56bfc062723c751e8b465ee728b)
Start importing Assets/Menu/img/Icon ionic-md-alert.png using Guid(cd41b753327a19744a919dde2c517506) Importer(815301076,1909f56bfc062723c751e8b465ee728b)  -> (artifact id: '1afc713ea790051d64b6ac9ae6e9cc29') in 0.022537 seconds 
========================================================================
Received Import Request.
  Time since last request: 0.000480 seconds.
  path: Assets/Menu/img/4.png
  artifactKey: Guid(5757408fc93ee8146a00c7045d480a55) Importer(815301076,1909f56bfc062723c751e8b465ee728b)
Start importing Assets/Menu/img/4.png using Guid(5757408fc93ee8146a00c7045d480a55) Importer(815301076,1909f56bfc062723c751e8b465ee728b)  -> (artifact id: 'e4db9f4c0e937b7d8c320e4afb743610') in 0.025518 seconds 
========================================================================
Received Import Request.
  Time since last request: 0.000435 seconds.
  path: Assets/Menu/img/right.png
  artifactKey: Guid(9604719638facf94490f842d1019eb5a) Importer(815301076,1909f56bfc062723c751e8b465ee728b)
Start importing Assets/Menu/img/right.png using Guid(9604719638facf94490f842d1019eb5a) Importer(815301076,1909f56bfc062723c751e8b465ee728b)  -> (artifact id: 'a422476b2153b9226eb03caee908bbdd') in 0.023094 seconds 
========================================================================
Received Import Request.
  Time since last request: 0.000436 seconds.
  path: Assets/Menu/img/6.png
  artifactKey: Guid(71295f42c18b8fd4a84aec897714cea5) Importer(815301076,1909f56bfc062723c751e8b465ee728b)
Start importing Assets/Menu/img/6.png using Guid(71295f42c18b8fd4a84aec897714cea5) Importer(815301076,1909f56bfc062723c751e8b465ee728b)  -> (artifact id: '2e48f3f3e802b82d11107bb3d2048a23') in 0.033749 seconds 
========================================================================
Received Import Request.
  Time since last request: 0.000310 seconds.
  path: Assets/Menu/img/2.png
  artifactKey: Guid(2544261dd828d064993ba9dfd7fd8983) Importer(815301076,1909f56bfc062723c751e8b465ee728b)
Start importing Assets/Menu/img/2.png using Guid(2544261dd828d064993ba9dfd7fd8983) Importer(815301076,1909f56bfc062723c751e8b465ee728b)  -> (artifact id: 'edd6f8d3bbf18af622d700051cd4d659') in 0.025489 seconds 
========================================================================
Received Import Request.
  Time since last request: 0.000398 seconds.
  path: Assets/Menu/img/10.png
  artifactKey: Guid(a71e5fe3a9023c74f8149f5a9b5f5097) Importer(815301076,1909f56bfc062723c751e8b465ee728b)
Start importing Assets/Menu/img/10.png using Guid(a71e5fe3a9023c74f8149f5a9b5f5097) Importer(815301076,1909f56bfc062723c751e8b465ee728b)  -> (artifact id: '6c2d50770e90ca75d8d58dce2b6e2b77') in 0.024629 seconds 
========================================================================
Received Import Request.
  Time since last request: 0.000427 seconds.
  path: Assets/Menu/img/mute.png
  artifactKey: Guid(b8d02aaeb0713a54bbbc1f9acd8e7676) Importer(815301076,1909f56bfc062723c751e8b465ee728b)
Start importing Assets/Menu/img/mute.png using Guid(b8d02aaeb0713a54bbbc1f9acd8e7676) Importer(815301076,1909f56bfc062723c751e8b465ee728b)  -> (artifact id: '8d156cd2bc571b2ad29b48a7bf71f0bc') in 0.019366 seconds 
========================================================================
Received Import Request.
  Time since last request: 11.804464 seconds.
  path: Assets/Menu/img/noche triste.jpg
  artifactKey: Guid(c2efff806206a3943a2fe297743cfffb) Importer(815301076,1909f56bfc062723c751e8b465ee728b)
Start importing Assets/Menu/img/noche triste.jpg using Guid(c2efff806206a3943a2fe297743cfffb) Importer(815301076,1909f56bfc062723c751e8b465ee728b)  -> (artifact id: 'c6c555c859b00c8770b7b502d40bcbe1') in 0.024301 seconds 
========================================================================
Received Import Request.
  Time since last request: 9.359281 seconds.
  path: Assets/Menu/img/1.jpg
  artifactKey: Guid(c2efff806206a3943a2fe297743cfffb) Importer(815301076,1909f56bfc062723c751e8b465ee728b)
Start importing Assets/Menu/img/1.jpg using Guid(c2efff806206a3943a2fe297743cfffb) Importer(815301076,1909f56bfc062723c751e8b465ee728b)  -> (artifact id: 'a4b85136c4ede8820ffdf58ad103213c') in 0.022390 seconds 
========================================================================
Received Prepare
Registering precompiled user dll's ...
Registered in 0.008075 seconds.
Begin MonoManager ReloadAssembly
Native extension for WindowsStandalone target not found
Native extension for WebGL target not found
Refreshing native plugins compatible for Editor in 0.43 ms, found 3 plugins.
Preloading 0 native plugins for Editor in 0.00 ms.
Mono: successfully reloaded assembly
- Completed reload, in  1.371 seconds
Domain Reload Profiling:
	ReloadAssembly (1372ms)
		BeginReloadAssembly (177ms)
			ExecutionOrderSort (0ms)
			DisableScriptedObjects (6ms)
			BackupInstance (0ms)
			ReleaseScriptingObjects (0ms)
			CreateAndSetChildDomain (40ms)
		EndReloadAssembly (1110ms)
			LoadAssemblies (156ms)
			RebuildTransferFunctionScriptingTraits (0ms)
			SetupTypeCache (333ms)
			ReleaseScriptCaches (1ms)
			RebuildScriptCaches (53ms)
			SetupLoadedEditorAssemblies (378ms)
				LogAssemblyErrors (0ms)
				InitializePlatformSupportModulesInManaged (7ms)
				SetLoadedEditorAssemblies (0ms)
				RefreshPlugins (1ms)
				BeforeProcessingInitializeOnLoad (100ms)
				ProcessInitializeOnLoadAttributes (237ms)
				ProcessInitializeOnLoadMethodAttributes (11ms)
				AfterProcessingInitializeOnLoad (21ms)
				EditorAssembliesLoaded (0ms)
			ExecutionOrderSort2 (0ms)
			AwakeInstancesAfterBackupRestoration (22ms)
Platform modules already initialized, skipping
Refreshing native plugins compatible for Editor in 0.56 ms, found 3 plugins.
Preloading 0 native plugins for Editor in 0.00 ms.
Unloading 2156 Unused Serialized files (Serialized files now loaded: 0)
System memory in use before: 133.0 MB.
System memory in use after: 133.2 MB.

Unloading 15 unused Assets to reduce memory usage. Loaded Objects now: 3134.
Total: 4.490400 ms (FindLiveObjects: 0.283400 ms CreateObjectMapping: 0.119400 ms MarkObjects: 4.044700 ms  DeleteObjects: 0.041700 ms)

AssetImportParameters requested are different than current active one (requested -> active):
  custom:framework-win-MediaFoundation: 216162199b28c13a410421893ffa2e32 -> 
  custom:video-decoder-ogg-theora: a1e56fd34408186e4bbccfd4996cb3dc -> 
  custom:container-muxer-webm: aa71ff27fc2769a1b78a27578f13a17b -> 
  custom:container-demuxer-webm: 4f35f7cbe854078d1ac9338744f61a02 -> 
  custom:container-demuxer-ogg: 62fdf1f143b41e24485cea50d1cbac27 -> 
  custom:video-encoder-webm-vp8: eb34c28f22e8b96e1ab97ce403110664 -> 
  custom:video-codec-MediaFoundation-h265: 746d11721c4dcdbdad8f713fa42b33f4 -> 
  custom:video-decoder-webm-vp8: 9c59270c3fd7afecdb556c50c9e8de78 -> 
  custom:audio-decoder-ogg-vorbis: bf7c407c2cedff20999df2af8eb42d56 -> 
  custom:audio-encoder-webm-vorbis: bf7c407c2cedff20999df2af8eb42d56 -> 
========================================================================
Received Import Request.
  Time since last request: 109.674329 seconds.
  path: Assets/Menu/img/noche triste 1.jpg
  artifactKey: Guid(5c7348135f026534585fe19b4a5e4262) Importer(815301076,1909f56bfc062723c751e8b465ee728b)
Start importing Assets/Menu/img/noche triste 1.jpg using Guid(5c7348135f026534585fe19b4a5e4262) Importer(815301076,1909f56bfc062723c751e8b465ee728b)  -> (artifact id: 'daa2fc940760774d74131c161b182a26') in 0.108354 seconds 
========================================================================
Received Import Request.
  Time since last request: 37.920290 seconds.
  path: Assets/Menu/img/2.jpg
  artifactKey: Guid(c2efff806206a3943a2fe297743cfffb) Importer(815301076,1909f56bfc062723c751e8b465ee728b)
Start importing Assets/Menu/img/2.jpg using Guid(c2efff806206a3943a2fe297743cfffb) Importer(815301076,1909f56bfc062723c751e8b465ee728b)  -> (artifact id: '44960e0048cd51b2893592f18e57f88f') in 0.021989 seconds 
========================================================================
Received Import Request.
  Time since last request: 44.846355 seconds.
  path: Assets/Menu/img/1.jpg
  artifactKey: Guid(8d1017b4745ee3d4386b62cb6d438cb7) Importer(815301076,1909f56bfc062723c751e8b465ee728b)
Start importing Assets/Menu/img/1.jpg using Guid(8d1017b4745ee3d4386b62cb6d438cb7) Importer(815301076,1909f56bfc062723c751e8b465ee728b)  -> (artifact id: 'cc7574412875d3903894b1840d657cfe') in 0.033700 seconds 
========================================================================
Received Import Request.
  Time since last request: 65.902348 seconds.
  path: Assets/Menu/img/3.jpg
  artifactKey: Guid(40b5b3af80346b647b6356131852a860) Importer(815301076,1909f56bfc062723c751e8b465ee728b)
Start importing Assets/Menu/img/3.jpg using Guid(40b5b3af80346b647b6356131852a860) Importer(815301076,1909f56bfc062723c751e8b465ee728b)  -> (artifact id: '2388a2007fe08bac9dda3ab2c6375888') in 0.051351 seconds 
========================================================================
Received Import Request.
  Time since last request: 143.155301 seconds.
  path: Assets/Menu/img/4.jpg
  artifactKey: Guid(67103e709e73f804bb28144351d5232f) Importer(815301076,1909f56bfc062723c751e8b465ee728b)
Start importing Assets/Menu/img/4.jpg using Guid(67103e709e73f804bb28144351d5232f) Importer(815301076,1909f56bfc062723c751e8b465ee728b)  -> (artifact id: '5b2c52e1894855249fd52f143c14b01a') in 0.034308 seconds 
========================================================================
Received Import Request.
  Time since last request: 50.550711 seconds.
  path: Assets/Menu/img/5.jpg
  artifactKey: Guid(c9248e48afd637d4f8b0caad109a061c) Importer(815301076,1909f56bfc062723c751e8b465ee728b)
Start importing Assets/Menu/img/5.jpg using Guid(c9248e48afd637d4f8b0caad109a061c) Importer(815301076,1909f56bfc062723c751e8b465ee728b)  -> (artifact id: 'dd3a8ee170f1c5731880404fe621c992') in 0.039116 seconds 
========================================================================
Received Import Request.
  Time since last request: 117.502405 seconds.
  path: Assets/Menu/img/6.jpeg
  artifactKey: Guid(7319a90f9d0ce594a86e6ff312ca4c4d) Importer(815301076,1909f56bfc062723c751e8b465ee728b)
Start importing Assets/Menu/img/6.jpeg using Guid(7319a90f9d0ce594a86e6ff312ca4c4d) Importer(815301076,1909f56bfc062723c751e8b465ee728b)  -> (artifact id: 'c737f4457955e55d9d8c33e4c9d6ade8') in 0.039204 seconds 
========================================================================
Received Import Request.
  Time since last request: 61.545016 seconds.
  path: Assets/Menu/img/7.jpeg
  artifactKey: Guid(b9069cf4e0de1c64da716eb8a8bc8f15) Importer(815301076,1909f56bfc062723c751e8b465ee728b)
Start importing Assets/Menu/img/7.jpeg using Guid(b9069cf4e0de1c64da716eb8a8bc8f15) Importer(815301076,1909f56bfc062723c751e8b465ee728b)  -> (artifact id: '1470f7565bbb5cd3d0774be8b3ff1db4') in 0.078555 seconds 
========================================================================
Received Import Request.
  Time since last request: 74.478424 seconds.
  path: Assets/Menu/img/8.jpg
  artifactKey: Guid(c3d99b59b087f5c4790535df7dc787ad) Importer(815301076,1909f56bfc062723c751e8b465ee728b)
Start importing Assets/Menu/img/8.jpg using Guid(c3d99b59b087f5c4790535df7dc787ad) Importer(815301076,1909f56bfc062723c751e8b465ee728b)  -> (artifact id: '94f6ee7e2f30214f05dff03e2d42af4d') in 0.021960 seconds 
========================================================================
Received Import Request.
  Time since last request: 61.928133 seconds.
  path: Assets/Menu/img/9.png
  artifactKey: Guid(0986e13f74993bd44afc35ca5134c8b9) Importer(815301076,1909f56bfc062723c751e8b465ee728b)
Start importing Assets/Menu/img/9.png using Guid(0986e13f74993bd44afc35ca5134c8b9) Importer(815301076,1909f56bfc062723c751e8b465ee728b)  -> (artifact id: 'fc7d3cbee8ee53cf45dcedc791b4e07f') in 0.027279 seconds 
========================================================================
Received Import Request.
  Time since last request: 21.596093 seconds.
  path: Assets/Menu/img/9 1.png
  artifactKey: Guid(fdb70656fcb712d46b73ed27bce879fe) Importer(815301076,1909f56bfc062723c751e8b465ee728b)
Start importing Assets/Menu/img/9 1.png using Guid(fdb70656fcb712d46b73ed27bce879fe) Importer(815301076,1909f56bfc062723c751e8b465ee728b)  -> (artifact id: '65fd0a220bc132706e7de434f79eb99a') in 0.028186 seconds 
========================================================================
Received Import Request.
  Time since last request: 12.243935 seconds.
  path: Assets/Menu/img/9.png
  artifactKey: Guid(fdb70656fcb712d46b73ed27bce879fe) Importer(815301076,1909f56bfc062723c751e8b465ee728b)
Start importing Assets/Menu/img/9.png using Guid(fdb70656fcb712d46b73ed27bce879fe) Importer(815301076,1909f56bfc062723c751e8b465ee728b)  -> (artifact id: '32f155184e95b9413a93022eb1ac83d0') in 0.020221 seconds 
========================================================================
Received Import Request.
  Time since last request: 228.154779 seconds.
  path: Assets/Menu/img/10.jpg
  artifactKey: Guid(bf5684e297fafa94d88cbaad550cd7ba) Importer(815301076,1909f56bfc062723c751e8b465ee728b)
Start importing Assets/Menu/img/10.jpg using Guid(bf5684e297fafa94d88cbaad550cd7ba) Importer(815301076,1909f56bfc062723c751e8b465ee728b)  -> (artifact id: 'c0ef33030fe59a441ee518d94b3bd3fd') in 0.022389 seconds 
========================================================================
Received Prepare
Registering precompiled user dll's ...
Registered in 0.007865 seconds.
Begin MonoManager ReloadAssembly
Native extension for WindowsStandalone target not found
Native extension for WebGL target not found
Refreshing native plugins compatible for Editor in 0.55 ms, found 3 plugins.
Preloading 0 native plugins for Editor in 0.00 ms.
Mono: successfully reloaded assembly
- Completed reload, in  1.451 seconds
Domain Reload Profiling:
	ReloadAssembly (1452ms)
		BeginReloadAssembly (213ms)
			ExecutionOrderSort (0ms)
			DisableScriptedObjects (12ms)
			BackupInstance (0ms)
			ReleaseScriptingObjects (0ms)
			CreateAndSetChildDomain (51ms)
		EndReloadAssembly (1150ms)
			LoadAssemblies (159ms)
			RebuildTransferFunctionScriptingTraits (0ms)
			SetupTypeCache (378ms)
			ReleaseScriptCaches (2ms)
			RebuildScriptCaches (59ms)
			SetupLoadedEditorAssemblies (404ms)
				LogAssemblyErrors (0ms)
				InitializePlatformSupportModulesInManaged (9ms)
				SetLoadedEditorAssemblies (1ms)
				RefreshPlugins (1ms)
				BeforeProcessingInitializeOnLoad (112ms)
				ProcessInitializeOnLoadAttributes (246ms)
				ProcessInitializeOnLoadMethodAttributes (11ms)
				AfterProcessingInitializeOnLoad (25ms)
				EditorAssembliesLoaded (0ms)
			ExecutionOrderSort2 (0ms)
			AwakeInstancesAfterBackupRestoration (28ms)
Platform modules already initialized, skipping
Refreshing native plugins compatible for Editor in 0.50 ms, found 3 plugins.
Preloading 0 native plugins for Editor in 0.00 ms.
Unloading 2137 Unused Serialized files (Serialized files now loaded: 0)
System memory in use before: 150.8 MB.
System memory in use after: 151.0 MB.

Unloading 15 unused Assets to reduce memory usage. Loaded Objects now: 3340.
Total: 4.621300 ms (FindLiveObjects: 0.299400 ms CreateObjectMapping: 0.110200 ms MarkObjects: 4.139800 ms  DeleteObjects: 0.070800 ms)

AssetImportParameters requested are different than current active one (requested -> active):
  custom:framework-win-MediaFoundation: 216162199b28c13a410421893ffa2e32 -> 
  custom:video-decoder-ogg-theora: a1e56fd34408186e4bbccfd4996cb3dc -> 
  custom:container-muxer-webm: aa71ff27fc2769a1b78a27578f13a17b -> 
  custom:container-demuxer-webm: 4f35f7cbe854078d1ac9338744f61a02 -> 
  custom:container-demuxer-ogg: 62fdf1f143b41e24485cea50d1cbac27 -> 
  custom:video-encoder-webm-vp8: eb34c28f22e8b96e1ab97ce403110664 -> 
  custom:video-codec-MediaFoundation-h265: 746d11721c4dcdbdad8f713fa42b33f4 -> 
  custom:video-decoder-webm-vp8: 9c59270c3fd7afecdb556c50c9e8de78 -> 
  custom:audio-decoder-ogg-vorbis: bf7c407c2cedff20999df2af8eb42d56 -> 
  custom:audio-encoder-webm-vorbis: bf7c407c2cedff20999df2af8eb42d56 -> 
========================================================================
Received Import Request.
  Time since last request: 135.948228 seconds.
  path: Assets/Menu/img/fondo.png
  artifactKey: Guid(4e1d4ea2ce1c0534b9cb0a80d9347a5b) Importer(815301076,1909f56bfc062723c751e8b465ee728b)
Start importing Assets/Menu/img/fondo.png using Guid(4e1d4ea2ce1c0534b9cb0a80d9347a5b) Importer(815301076,1909f56bfc062723c751e8b465ee728b)  -> (artifact id: '572a4dc40252814f579ef593317643de') in 0.074876 seconds 
========================================================================
Received Prepare
Registering precompiled user dll's ...
Registered in 0.006993 seconds.
Begin MonoManager ReloadAssembly
Native extension for WindowsStandalone target not found
Native extension for WebGL target not found
Refreshing native plugins compatible for Editor in 0.42 ms, found 3 plugins.
Preloading 0 native plugins for Editor in 0.00 ms.
Mono: successfully reloaded assembly
- Completed reload, in  1.270 seconds
Domain Reload Profiling:
	ReloadAssembly (1270ms)
		BeginReloadAssembly (186ms)
			ExecutionOrderSort (0ms)
			DisableScriptedObjects (12ms)
			BackupInstance (0ms)
			ReleaseScriptingObjects (0ms)
			CreateAndSetChildDomain (41ms)
		EndReloadAssembly (992ms)
			LoadAssemblies (159ms)
			RebuildTransferFunctionScriptingTraits (0ms)
			SetupTypeCache (325ms)
			ReleaseScriptCaches (1ms)
			RebuildScriptCaches (52ms)
			SetupLoadedEditorAssemblies (353ms)
				LogAssemblyErrors (0ms)
				InitializePlatformSupportModulesInManaged (7ms)
				SetLoadedEditorAssemblies (0ms)
				RefreshPlugins (0ms)
				BeforeProcessingInitializeOnLoad (96ms)
				ProcessInitializeOnLoadAttributes (223ms)
				ProcessInitializeOnLoadMethodAttributes (8ms)
				AfterProcessingInitializeOnLoad (19ms)
				EditorAssembliesLoaded (0ms)
			ExecutionOrderSort2 (0ms)
			AwakeInstancesAfterBackupRestoration (23ms)
Platform modules already initialized, skipping
Refreshing native plugins compatible for Editor in 0.47 ms, found 3 plugins.
Preloading 0 native plugins for Editor in 0.00 ms.
Unloading 2129 Unused Serialized files (Serialized files now loaded: 0)
System memory in use before: 151.7 MB.
System memory in use after: 152.0 MB.

Unloading 15 unused Assets to reduce memory usage. Loaded Objects now: 3360.
Total: 3.587700 ms (FindLiveObjects: 0.249300 ms CreateObjectMapping: 0.103000 ms MarkObjects: 3.215500 ms  DeleteObjects: 0.019000 ms)

AssetImportParameters requested are different than current active one (requested -> active):
  custom:framework-win-MediaFoundation: 216162199b28c13a410421893ffa2e32 -> 
  custom:video-decoder-ogg-theora: a1e56fd34408186e4bbccfd4996cb3dc -> 
  custom:container-muxer-webm: aa71ff27fc2769a1b78a27578f13a17b -> 
  custom:container-demuxer-webm: 4f35f7cbe854078d1ac9338744f61a02 -> 
  custom:container-demuxer-ogg: 62fdf1f143b41e24485cea50d1cbac27 -> 
  custom:video-encoder-webm-vp8: eb34c28f22e8b96e1ab97ce403110664 -> 
  custom:video-codec-MediaFoundation-h265: 746d11721c4dcdbdad8f713fa42b33f4 -> 
  custom:video-decoder-webm-vp8: 9c59270c3fd7afecdb556c50c9e8de78 -> 
  custom:audio-decoder-ogg-vorbis: bf7c407c2cedff20999df2af8eb42d56 -> 
  custom:audio-encoder-webm-vorbis: bf7c407c2cedff20999df2af8eb42d56 -> 
AssetImportWorkerClient::OnTransportError - code=2 error=End of file
